<?xml version="1.0" encoding="UTF-8"?>
<!-- Generated by org.testng.reporters.JUnitReportReporter -->
<testsuite hostname="DESKTOP-2FQH628" failures="0" tests="1" name="test.java.landingpageTest" time="0.000" errors="0" timestamp="2019-08-28T12:51:22 CEST" skipped="1">
  <testcase classname="test.java.landingpageTest" name="adminloginTTest" time="0.000">
    <skipped/>
  </testcase> <!-- adminloginTTest -->
</testsuite> <!-- test.java.landingpageTest -->
