<?xml version="1.0" encoding="UTF-8"?>
<!-- Generated by org.testng.reporters.JUnitReportReporter -->
<testsuite hostname="DESKTOP-2FQH628" failures="0" tests="3" name="com.caspar.landingpageTest" time="39.529" errors="0" timestamp="2019-09-03T01:54:25 CEST" skipped="0">
  <testcase classname="com.caspar.landingpageTest" name="adminloginTTest" time="12.420"/>
  <testcase classname="com.caspar.landingpageTest" name="adminloginTTest" time="13.248"/>
  <testcase classname="com.caspar.landingpageTest" name="adminloginTTest" time="13.861"/>
</testsuite> <!-- com.caspar.landingpageTest -->
